<?xml version="1.0" encoding="UTF-8"?>
<testsuite xmlns:xsi="http://www.w3.org/2001/XMLSchema-instance" xsi:schemaLocation="https://maven.apache.org/surefire/maven-surefire-plugin/xsd/surefire-test-report.xsd" name="com.javainuse.MainAppTest" time="7.392" tests="2" errors="0" skipped="0" failures="1">
  <properties>
    <property name="java.runtime.name" value="Java(TM) SE Runtime Environment"/>
    <property name="sun.boot.library.path" value="/Library/Java/JavaVirtualMachines/jdk1.8.0_191.jdk/Contents/Home/jre/lib"/>
    <property name="java.vm.version" value="25.191-b12"/>
    <property name="gopherProxySet" value="false"/>
    <property name="java.vm.vendor" value="Oracle Corporation"/>
    <property name="maven.multiModuleProjectDirectory" value="/Users/krzyczak/Desktop/camel/camel-java-dsl-nb"/>
    <property name="java.vendor.url" value="http://java.oracle.com/"/>
    <property name="path.separator" value=":"/>
    <property name="guice.disable.misplaced.annotation.check" value="true"/>
    <property name="java.vm.name" value="Java HotSpot(TM) 64-Bit Server VM"/>
    <property name="file.encoding.pkg" value="sun.io"/>
    <property name="user.country" value="GB"/>
    <property name="sun.java.launcher" value="SUN_STANDARD"/>
    <property name="sun.os.patch.level" value="unknown"/>
    <property name="test" value="com.javainuse.MainAppTest"/>
    <property name="java.vm.specification.name" value="Java Virtual Machine Specification"/>
    <property name="user.dir" value="/Users/krzyczak/Desktop/camel/camel-java-dsl-nb"/>
    <property name="java.runtime.version" value="1.8.0_191-b12"/>
    <property name="java.awt.graphicsenv" value="sun.awt.CGraphicsEnvironment"/>
    <property name="java.endorsed.dirs" value="/Library/Java/JavaVirtualMachines/jdk1.8.0_191.jdk/Contents/Home/jre/lib/endorsed"/>
    <property name="os.arch" value="x86_64"/>
    <property name="java.io.tmpdir" value="/var/folders/_5/m499z8bx15sf_1pgzvqx70gr0000gn/T/"/>
    <property name="line.separator" value="&#10;"/>
    <property name="java.vm.specification.vendor" value="Oracle Corporation"/>
    <property name="os.name" value="Mac OS X"/>
    <property name="maven.ext.class.path" value="/Applications/NetBeans/Apache NetBeans 11.1.app/Contents/Resources/NetBeans/java/maven-nblib/netbeans-eventspy.jar"/>
    <property name="classworlds.conf" value="/Applications/NetBeans/Apache NetBeans 11.1.app/Contents/Resources/NetBeans/java/maven/bin/m2.conf"/>
    <property name="sun.jnu.encoding" value="UTF-8"/>
    <property name="java.library.path" value="/Users/krzyczak/Library/Java/Extensions:/Library/Java/Extensions:/Network/Library/Java/Extensions:/System/Library/Java/Extensions:/usr/lib/java:."/>
    <property name="java.specification.name" value="Java Platform API Specification"/>
    <property name="java.class.version" value="52.0"/>
    <property name="sun.management.compiler" value="HotSpot 64-Bit Tiered Compilers"/>
    <property name="os.version" value="10.12.6"/>
    <property name="http.nonProxyHosts" value="local|*.local|169.254/16|*.169.254/16"/>
    <property name="user.home" value="/Users/krzyczak"/>
    <property name="user.timezone" value="Europe/London"/>
    <property name="java.awt.printerjob" value="sun.lwawt.macosx.CPrinterJob"/>
    <property name="java.specification.version" value="1.8"/>
    <property name="file.encoding" value="UTF-8"/>
    <property name="user.name" value="krzyczak"/>
    <property name="java.class.path" value="/Applications/NetBeans/Apache NetBeans 11.1.app/Contents/Resources/NetBeans/java/maven/boot/plexus-classworlds-2.5.2.jar"/>
    <property name="java.vm.specification.version" value="1.8"/>
    <property name="sun.arch.data.model" value="64"/>
    <property name="java.home" value="/Library/Java/JavaVirtualMachines/jdk1.8.0_191.jdk/Contents/Home/jre"/>
    <property name="sun.java.command" value="org.codehaus.plexus.classworlds.launcher.Launcher -Dtest=com.javainuse.MainAppTest -Dmaven.ext.class.path=/Applications/NetBeans/Apache NetBeans 11.1.app/Contents/Resources/NetBeans/java/maven-nblib/netbeans-eventspy.jar surefire:test"/>
    <property name="java.specification.vendor" value="Oracle Corporation"/>
    <property name="user.language" value="en"/>
    <property name="awt.toolkit" value="sun.lwawt.macosx.LWCToolkit"/>
    <property name="java.vm.info" value="mixed mode"/>
    <property name="java.version" value="1.8.0_191"/>
    <property name="java.ext.dirs" value="/Users/krzyczak/Library/Java/Extensions:/Library/Java/JavaVirtualMachines/jdk1.8.0_191.jdk/Contents/Home/jre/lib/ext:/Library/Java/Extensions:/Network/Library/Java/Extensions:/System/Library/Java/Extensions:/usr/lib/java"/>
    <property name="sun.boot.class.path" value="/Library/Java/JavaVirtualMachines/jdk1.8.0_191.jdk/Contents/Home/jre/lib/resources.jar:/Library/Java/JavaVirtualMachines/jdk1.8.0_191.jdk/Contents/Home/jre/lib/rt.jar:/Library/Java/JavaVirtualMachines/jdk1.8.0_191.jdk/Contents/Home/jre/lib/sunrsasign.jar:/Library/Java/JavaVirtualMachines/jdk1.8.0_191.jdk/Contents/Home/jre/lib/jsse.jar:/Library/Java/JavaVirtualMachines/jdk1.8.0_191.jdk/Contents/Home/jre/lib/jce.jar:/Library/Java/JavaVirtualMachines/jdk1.8.0_191.jdk/Contents/Home/jre/lib/charsets.jar:/Library/Java/JavaVirtualMachines/jdk1.8.0_191.jdk/Contents/Home/jre/lib/jfr.jar:/Library/Java/JavaVirtualMachines/jdk1.8.0_191.jdk/Contents/Home/jre/classes"/>
    <property name="java.vendor" value="Oracle Corporation"/>
    <property name="maven.home" value="/Applications/NetBeans/Apache NetBeans 11.1.app/Contents/Resources/NetBeans/java/maven"/>
    <property name="file.separator" value="/"/>
    <property name="java.vendor.url.bug" value="http://bugreport.sun.com/bugreport/"/>
    <property name="sun.cpu.endian" value="little"/>
    <property name="sun.io.unicode.encoding" value="UnicodeBig"/>
    <property name="socksNonProxyHosts" value="local|*.local|169.254/16|*.169.254/16"/>
    <property name="ftp.nonProxyHosts" value="local|*.local|169.254/16|*.169.254/16"/>
    <property name="sun.cpu.isalist" value=""/>
  </properties>
  <testcase name="testRestTemplateRequest" classname="com.javainuse.MainAppTest" time="0.241">
    <failure message="expected:&lt;[{&quot;ip&quot;: &quot;80.87.30.34&quot;}]&gt; but was:&lt;[janusz]&gt;" type="org.junit.ComparisonFailure"><![CDATA[org.junit.ComparisonFailure: expected:<[{"ip": "80.87.30.34"}]> but was:<[janusz]>
	at com.javainuse.MainAppTest.testRestTemplateRequest(MainAppTest.java:76)
]]></failure>
    <system-out><![CDATA[17:08:52.306 [main] INFO io.specto.hoverfly.junit.core.TempFileManager - Selecting the following binary based on the current operating system: hoverfly_OSX_amd64
17:08:52.313 [main] INFO io.specto.hoverfly.junit.core.TempFileManager - Storing binary in temporary directory /var/folders/_5/m499z8bx15sf_1pgzvqx70gr0000gn/T/hoverfly.2219306989099715617/hoverfly_OSX_amd64
17:08:52.454 [main] INFO io.specto.hoverfly.junit.core.Hoverfly - Executing binary at /var/folders/_5/m499z8bx15sf_1pgzvqx70gr0000gn/T/hoverfly.2219306989099715617/hoverfly_OSX_amd64
17:08:52.465 [main] DEBUG org.zeroturnaround.exec.ProcessExecutor - Executing [/var/folders/_5/m499z8bx15sf_1pgzvqx70gr0000gn/T/hoverfly.2219306989099715617/hoverfly_OSX_amd64, -db, memory, -pp, 63157, -ap, 63158] in /var/folders/_5/m499z8bx15sf_1pgzvqx70gr0000gn/T/hoverfly.2219306989099715617.
17:08:52.480 [main] DEBUG org.zeroturnaround.exec.ProcessExecutor - Started java.lang.UNIXProcess@1189dd52
&amp#27;[34mINFO&amp#27;[0m[2019-08-28T17:08:52+01:00] Default proxy port has been overwritten       &amp#27;[34mport&amp#27;[0m=63157
&amp#27;[34mINFO&amp#27;[0m[2019-08-28T17:08:52+01:00] Default admin port has been overwritten       &amp#27;[34mport&amp#27;[0m=63158
&amp#27;[34mINFO&amp#27;[0m[2019-08-28T17:08:52+01:00] Using memory backend                         
&amp#27;[34mINFO&amp#27;[0m[2019-08-28T17:08:52+01:00] Proxy prepared...                             &amp#27;[34mDestination&amp#27;[0m=. &amp#27;[34mMode&amp#27;[0m=simulate &amp#27;[34mProxyPort&amp#27;[0m=63157
&amp#27;[34mINFO&amp#27;[0m[2019-08-28T17:08:52+01:00] current proxy configuration                   &amp#27;[34mdestination&amp#27;[0m=. &amp#27;[34mmode&amp#27;[0m=simulate &amp#27;[34mport&amp#27;[0m=63157
&amp#27;[34mINFO&amp#27;[0m[2019-08-28T17:08:52+01:00] serving proxy                                
&amp#27;[34mINFO&amp#27;[0m[2019-08-28T17:08:52+01:00] Admin interface is starting...                &amp#27;[34mAdminPort&amp#27;[0m=63158
&amp#27;[34mINFO&amp#27;[0m[2019-08-28T17:08:52+01:00] Mode has been changed                         &amp#27;[34mmode&amp#27;[0m=simulate
17:08:52.609 [main] INFO io.specto.hoverfly.junit.core.ProxyConfigurer - Setting proxy host to localhost
17:08:52.609 [main] INFO io.specto.hoverfly.junit.core.ProxyConfigurer - Setting proxy proxyPort to 63157
17:08:52.609 [main] INFO io.specto.hoverfly.junit.core.Hoverfly - Importing simulation data to Hoverfly
&amp#27;[34mINFO&amp#27;[0m[2019-08-28T17:08:52+01:00] payloads imported                             &amp#27;[34mfailed&amp#27;[0m=0 &amp#27;[34msuccessful&amp#27;[0m=1 &amp#27;[34mtotal&amp#27;[0m=1
The following simulation is imported to Hoverfly: 
{
  "data" : {
    "pairs" : [ {
      "request" : {
        "path" : {
          "exactMatch" : ""
        },
        "method" : {
          "exactMatch" : "GET"
        },
        "destination" : {
          "exactMatch" : "ip.jsontest.com"
        },
        "scheme" : {
          "exactMatch" : "http"
        },
        "query" : {
          "exactMatch" : ""
        },
        "body" : {
          "exactMatch" : ""
        }
      },
      "response" : {
        "status" : 200,
        "body" : "janusz",
        "encodedBody" : false,
        "templated" : false,
        "headers" : {
          "Access-Control-Allow-Origin" : [ "*" ],
          "Content-Length" : [ "22" ],
          "Content-Type" : [ "application/json" ],
          "Date" : [ "Wed, 28 Aug 2019 16:05:41 GMT" ],
          "Hoverfly" : [ "Was-Here" ],
          "Server" : [ "Google Frontend" ],
          "X-Cloud-Trace-Context" : [ "c2d7e3c17c9e5d418009fc4e933b80a5" ]
        }
      }
    } ],
    "globalActions" : {
      "delays" : [ ]
    }
  },
  "meta" : {
    "schemaVersion" : "v3"
  }
}
testRestTemplateRequest
17:08:52.942 [main] DEBUG org.springframework.web.client.RestTemplate - HTTP GET http://ip.jsontest.com
17:08:52.952 [main] DEBUG org.springframework.web.client.RestTemplate - Accept=[text/plain, application/xml, text/xml, application/json, application/*+xml, application/*+json, */*]
17:08:52.960 [main] DEBUG org.springframework.web.client.RestTemplate - Response 200 OK
17:08:52.962 [main] DEBUG org.springframework.web.client.RestTemplate - Reading to [java.lang.String] as "application/json"
]]></system-out>
    <system-err><![CDATA[SLF4J: Class path contains multiple SLF4J bindings.
SLF4J: Found binding in [jar:file:/Users/krzyczak/.m2/repository/ch/qos/logback/logback-classic/1.1.7/logback-classic-1.1.7.jar!/org/slf4j/impl/StaticLoggerBinder.class]
SLF4J: Found binding in [jar:file:/Users/krzyczak/.m2/repository/org/slf4j/slf4j-simple/1.6.4/slf4j-simple-1.6.4.jar!/org/slf4j/impl/StaticLoggerBinder.class]
SLF4J: See http://www.slf4j.org/codes.html#multiple_bindings for an explanation.
SLF4J: Actual binding is of type [ch.qos.logback.classic.util.ContextSelectorStaticBinder]
]]></system-err>
  </testcase>
  <testcase name="testCamelRoutes" classname="com.javainuse.MainAppTest" time="5.716"/>
</testsuite>